c:\users\aidar\documents\visual studio 2012\projects\solomon\solomon\debug\main.obj
c:\users\aidar\documents\visual studio 2012\projects\solomon\solomon\debug\vc110.pdb
c:\users\aidar\documents\visual studio 2012\projects\solomon\solomon\debug\galois28.obj
c:\users\aidar\documents\visual studio 2012\projects\solomon\solomon\debug\analysis.obj
c:\users\aidar\documents\visual studio 2012\projects\solomon\solomon\debug\purification.obj
c:\users\aidar\documents\visual studio 2012\projects\solomon\solomon\debug\aqua.obj
c:\users\aidar\documents\visual studio 2012\projects\solomon\solomon\debug\galois28_poly.obj
c:\users\aidar\documents\visual studio 2012\projects\solomon\solomon\debug\rs.obj
c:\users\aidar\documents\visual studio 2012\projects\solomon\solomon\debug\galois.obj
c:\users\aidar\documents\visual studio 2012\projects\solomon\solomon\debug\galois_poly.obj
c:\users\aidar\documents\visual studio 2012\projects\solomon\debug\solomon.ilk
c:\users\aidar\documents\visual studio 2012\projects\solomon\debug\solomon.exe
c:\users\aidar\documents\visual studio 2012\projects\solomon\debug\solomon.pdb
c:\users\михаил\desktop\solomon\solomon\debug\vc141.pdb
c:\users\михаил\desktop\solomon\solomon\debug\vc141.idb
c:\users\михаил\desktop\solomon\solomon\debug\purification.obj
c:\users\михаил\desktop\solomon\solomon\debug\main.obj
c:\users\михаил\desktop\solomon\solomon\debug\galois_poly.obj
c:\users\михаил\desktop\solomon\solomon\debug\galois.obj
c:\users\михаил\desktop\solomon\solomon\debug\rs.obj
c:\users\михаил\desktop\solomon\solomon\debug\analysis.obj
c:\users\михаил\desktop\solomon\debug\solomon.exe
c:\users\михаил\desktop\solomon\debug\solomon.ilk
c:\users\михаил\desktop\solomon\debug\solomon.pdb
c:\users\михаил\desktop\solomon\solomon\debug\aqua.obj
c:\users\михаил\desktop\solomon\solomon\debug\galois28.obj
c:\users\михаил\desktop\solomon\solomon\debug\galois28_poly.obj
c:\users\михаил\desktop\solomon\solomon\debug\cl.command.1.tlog
c:\users\михаил\desktop\solomon\solomon\debug\cl.read.1.tlog
c:\users\михаил\desktop\solomon\solomon\debug\cl.write.1.tlog
c:\users\михаил\desktop\solomon\solomon\debug\link-cvtres.read.1.tlog
c:\users\михаил\desktop\solomon\solomon\debug\link-cvtres.write.1.tlog
c:\users\михаил\desktop\solomon\solomon\debug\link-rc.read.1.tlog
c:\users\михаил\desktop\solomon\solomon\debug\link-rc.write.1.tlog
c:\users\михаил\desktop\solomon\solomon\debug\link.10448-cvtres.read.1.tlog
c:\users\михаил\desktop\solomon\solomon\debug\link.10448-cvtres.write.1.tlog
c:\users\михаил\desktop\solomon\solomon\debug\link.10448-rc.read.1.tlog
c:\users\михаил\desktop\solomon\solomon\debug\link.10448-rc.write.1.tlog
c:\users\михаил\desktop\solomon\solomon\debug\link.10448.read.1.tlog
c:\users\михаил\desktop\solomon\solomon\debug\link.10448.write.1.tlog
c:\users\михаил\desktop\solomon\solomon\debug\link.5092-cvtres.read.1.tlog
c:\users\михаил\desktop\solomon\solomon\debug\link.5092-cvtres.write.1.tlog
c:\users\михаил\desktop\solomon\solomon\debug\link.5092-rc.read.1.tlog
c:\users\михаил\desktop\solomon\solomon\debug\link.5092-rc.write.1.tlog
c:\users\михаил\desktop\solomon\solomon\debug\link.5092.read.1.tlog
c:\users\михаил\desktop\solomon\solomon\debug\link.5092.write.1.tlog
c:\users\михаил\desktop\solomon\solomon\debug\link.7904-cvtres.read.1.tlog
c:\users\михаил\desktop\solomon\solomon\debug\link.7904-cvtres.write.1.tlog
c:\users\михаил\desktop\solomon\solomon\debug\link.7904-rc.read.1.tlog
c:\users\михаил\desktop\solomon\solomon\debug\link.7904-rc.write.1.tlog
c:\users\михаил\desktop\solomon\solomon\debug\link.7904.read.1.tlog
c:\users\михаил\desktop\solomon\solomon\debug\link.7904.write.1.tlog
c:\users\михаил\desktop\solomon\solomon\debug\link.command.1.tlog
c:\users\михаил\desktop\solomon\solomon\debug\link.read.1.tlog
c:\users\михаил\desktop\solomon\solomon\debug\link.write.1.tlog
c:\users\михаил\desktop\solomon\solomon\debug\vc110.idb
c:\users\михаил\desktop\solomon\solomon\debug\vc110.pdb
c:\users\михаил\desktop\solomon\solomon\debug\solomon.tlog\cl.command.1.tlog
c:\users\михаил\desktop\solomon\solomon\debug\solomon.tlog\cl.read.1.tlog
c:\users\михаил\desktop\solomon\solomon\debug\solomon.tlog\cl.write.1.tlog
c:\users\михаил\desktop\solomon\solomon\debug\solomon.tlog\link.command.1.tlog
c:\users\михаил\desktop\solomon\solomon\debug\solomon.tlog\link.delete.1.tlog
c:\users\михаил\desktop\solomon\solomon\debug\solomon.tlog\link.read.1.tlog
c:\users\михаил\desktop\solomon\solomon\debug\solomon.tlog\link.write.1.tlog
